<?xml version="1.0" encoding="UTF-8"?>
<testng-results skipped="1" failed="0" total="1" passed="0">
  <reporter-output>
    <line>
      <![CDATA[file not found here: .\config\MobileOR.properties (The system cannot find the file specified)]]>
    </line>
  </reporter-output>
  <suite name="Default suite" duration-ms="26221" started-at="2018-07-20T12:03:31Z" finished-at="2018-07-20T12:03:57Z">
    <groups>
      <group name="Major">
        <method signature="Gen2_RegMsg_643.test_message_643(java.util.Hashtable)[pri:1, instance:com.ProjectName.suite.message.Gen2_RegMsg_643@53b32d7]" name="test_message_643" class="com.ProjectName.suite.message.Gen2_RegMsg_643"/>
      </group> <!-- Major -->
    </groups>
    <test name="Default test" duration-ms="26221" started-at="2018-07-20T12:03:31Z" finished-at="2018-07-20T12:03:57Z">
      <class name="com.ProjectName.suite.message.Gen2_RegMsg_643">
        <test-method status="PASS" signature="test_beforeSuite()[pri:0, instance:com.ProjectName.suite.message.Gen2_RegMsg_643@53b32d7]" name="test_beforeSuite" is-config="true" duration-ms="339" started-at="2018-07-20T17:33:30Z" finished-at="2018-07-20T17:33:31Z">
          <reporter-output>
          </reporter-output>
        </test-method> <!-- test_beforeSuite -->
        <test-method status="PASS" signature="test_BeforeClass()[pri:0, instance:com.ProjectName.suite.message.Gen2_RegMsg_643@53b32d7]" name="test_BeforeClass" is-config="true" duration-ms="2" started-at="2018-07-20T17:33:31Z" finished-at="2018-07-20T17:33:31Z">
          <reporter-output>
            <line>
              <![CDATA[file not found here: .\config\MobileOR.properties (The system cannot find the file specified)]]>
            </line>
          </reporter-output>
        </test-method> <!-- test_BeforeClass -->
        <test-method status="FAIL" signature="beforeMethod(java.lang.reflect.Method)[pri:0, instance:com.ProjectName.suite.message.Gen2_RegMsg_643@53b32d7]" name="beforeMethod" is-config="true" duration-ms="0" started-at="2018-07-20T17:33:32Z" finished-at="2018-07-20T17:33:32Z">
          <params>
            <param index="0">
              <value>
                <![CDATA[public void com.ProjectName.suite.message.Gen2_RegMsg_643.test_message_643(java.util.Hashtable) throws java.lang.InterruptedException,java.net.MalformedURLException]]>
              </value>
            </param>
          </params>
          <exception class="org.openqa.selenium.WebDriverException">
            <message>
              <![CDATA[unknown error: cannot determine loading status
from unknown error: missing or invalid 'entry.level'
  (Session info: chrome=67.0.3396.99)
  (Driver info: chromedriver=2.25.426923 (0390b88869384d6eb0d5d09729679f934aab9eed),platform=Windows NT 10.0.17134 x86_64) (WARNING: The server did not provide any stacktrace information)
Command duration or timeout: 5.13 seconds
Build info: version: '2.53.0', revision: '35ae25b', time: '2016-03-15 17:00:58'
System info: host: 'LAPTOP-NGBN8A2C', ip: '192.168.0.111', os.name: 'Windows 8.1', os.arch: 'amd64', os.version: '6.3', java.version: '1.8.0_45'
Driver info: org.openqa.selenium.chrome.ChromeDriver
Capabilities [{applicationCacheEnabled=false, rotatable=false, mobileEmulationEnabled=false, networkConnectionEnabled=false, chrome={chromedriverVersion=2.25.426923 (0390b88869384d6eb0d5d09729679f934aab9eed), userDataDir=C:\Users\TFuser\AppData\Local\Temp\scoped_dir9852_23218}, takesHeapSnapshot=true, pageLoadStrategy=normal, databaseEnabled=false, handlesAlerts=true, hasTouchScreen=false, version=67.0.3396.99, platform=WIN8_1, browserConnectionEnabled=false, nativeEvents=true, acceptSslCerts=true, locationContextEnabled=true, webStorageEnabled=true, browserName=chrome, takesScreenshot=true, javascriptEnabled=true, cssSelectorsEnabled=true}]
Session ID: 911440206eba3245b6265f98e98c4658]]>
            </message>
            <full-stacktrace>
              <![CDATA[org.openqa.selenium.WebDriverException: unknown error: cannot determine loading status
from unknown error: missing or invalid 'entry.level'
  (Session info: chrome=67.0.3396.99)
  (Driver info: chromedriver=2.25.426923 (0390b88869384d6eb0d5d09729679f934aab9eed),platform=Windows NT 10.0.17134 x86_64) (WARNING: The server did not provide any stacktrace information)
Command duration or timeout: 5.13 seconds
Build info: version: '2.53.0', revision: '35ae25b', time: '2016-03-15 17:00:58'
System info: host: 'LAPTOP-NGBN8A2C', ip: '192.168.0.111', os.name: 'Windows 8.1', os.arch: 'amd64', os.version: '6.3', java.version: '1.8.0_45'
Driver info: org.openqa.selenium.chrome.ChromeDriver
Capabilities [{applicationCacheEnabled=false, rotatable=false, mobileEmulationEnabled=false, networkConnectionEnabled=false, chrome={chromedriverVersion=2.25.426923 (0390b88869384d6eb0d5d09729679f934aab9eed), userDataDir=C:\Users\TFuser\AppData\Local\Temp\scoped_dir9852_23218}, takesHeapSnapshot=true, pageLoadStrategy=normal, databaseEnabled=false, handlesAlerts=true, hasTouchScreen=false, version=67.0.3396.99, platform=WIN8_1, browserConnectionEnabled=false, nativeEvents=true, acceptSslCerts=true, locationContextEnabled=true, webStorageEnabled=true, browserName=chrome, takesScreenshot=true, javascriptEnabled=true, cssSelectorsEnabled=true}]
Session ID: 911440206eba3245b6265f98e98c4658
	at sun.reflect.NativeConstructorAccessorImpl.newInstance0(Native Method)
	at sun.reflect.NativeConstructorAccessorImpl.newInstance(Unknown Source)
	at sun.reflect.DelegatingConstructorAccessorImpl.newInstance(Unknown Source)
	at java.lang.reflect.Constructor.newInstance(Unknown Source)
	at org.openqa.selenium.remote.ErrorHandler.createThrowable(ErrorHandler.java:206)
	at org.openqa.selenium.remote.ErrorHandler.throwIfResponseFailed(ErrorHandler.java:158)
	at org.openqa.selenium.remote.RemoteWebDriver.execute(RemoteWebDriver.java:678)
	at org.openqa.selenium.remote.RemoteWebDriver.get(RemoteWebDriver.java:316)
	at com.ProjecName.base.Base.beforeMethod(Base.java:157)
	at sun.reflect.NativeMethodAccessorImpl.invoke0(Native Method)
	at sun.reflect.NativeMethodAccessorImpl.invoke(Unknown Source)
	at sun.reflect.DelegatingMethodAccessorImpl.invoke(Unknown Source)
	at java.lang.reflect.Method.invoke(Unknown Source)
	at org.testng.internal.MethodInvocationHelper.invokeMethod(MethodInvocationHelper.java:85)
	at org.testng.internal.Invoker.invokeConfigurationMethod(Invoker.java:510)
	at org.testng.internal.Invoker.invokeConfigurations(Invoker.java:211)
	at org.testng.internal.Invoker.invokeMethod(Invoker.java:585)
	at org.testng.internal.Invoker.invokeTestMethod(Invoker.java:816)
	at org.testng.internal.Invoker.invokeTestMethods(Invoker.java:1124)
	at org.testng.internal.TestMethodWorker.invokeTestMethods(TestMethodWorker.java:125)
	at org.testng.internal.TestMethodWorker.run(TestMethodWorker.java:108)
	at org.testng.TestRunner.privateRun(TestRunner.java:774)
	at org.testng.TestRunner.run(TestRunner.java:624)
	at org.testng.SuiteRunner.runTest(SuiteRunner.java:359)
	at org.testng.SuiteRunner.runSequentially(SuiteRunner.java:354)
	at org.testng.SuiteRunner.privateRun(SuiteRunner.java:312)
	at org.testng.SuiteRunner.run(SuiteRunner.java:261)
	at org.testng.SuiteRunnerWorker.runSuite(SuiteRunnerWorker.java:52)
	at org.testng.SuiteRunnerWorker.run(SuiteRunnerWorker.java:86)
	at org.testng.TestNG.runSuitesSequentially(TestNG.java:1215)
	at org.testng.TestNG.runSuitesLocally(TestNG.java:1140)
	at org.testng.TestNG.run(TestNG.java:1048)
	at org.testng.remote.AbstractRemoteTestNG.run(AbstractRemoteTestNG.java:114)
	at org.testng.remote.RemoteTestNG.initAndRun(RemoteTestNG.java:251)
	at org.testng.remote.RemoteTestNG.main(RemoteTestNG.java:77)
]]>
            </full-stacktrace>
          </exception> <!-- org.openqa.selenium.WebDriverException -->
          <reporter-output>
          </reporter-output>
        </test-method> <!-- beforeMethod -->
        <test-method status="SKIP" signature="test_message_643(java.util.Hashtable)[pri:1, instance:com.ProjectName.suite.message.Gen2_RegMsg_643@53b32d7]" name="test_message_643" duration-ms="4" started-at="2018-07-20T17:33:57Z" data-provider="ExcelData" finished-at="2018-07-20T17:33:57Z">
          <params>
            <param index="0">
              <value>
                <![CDATA[{sPassword=, Runmode=Y, sParticipant1=Auto DA, sExpectedResult=, sMessages=Checking the recipient name, Description=Verify that the most recent message of the conversation is displayed on the message screen, sDomainName=, Identifier=Message_Display}]]>
              </value>
            </param>
          </params>
          <reporter-output>
          </reporter-output>
        </test-method> <!-- test_message_643 -->
        <test-method status="SKIP" signature="afterMethod(org.testng.ITestResult)[pri:0, instance:com.ProjectName.suite.message.Gen2_RegMsg_643@53b32d7]" name="afterMethod" is-config="true" duration-ms="0" started-at="2018-07-20T17:33:57Z" finished-at="2018-07-20T17:33:57Z">
          <reporter-output>
          </reporter-output>
        </test-method> <!-- afterMethod -->
        <test-method status="SKIP" signature="cleanup()[pri:0, instance:com.ProjectName.suite.message.Gen2_RegMsg_643@53b32d7]" name="cleanup" is-config="true" duration-ms="0" started-at="2018-07-20T17:33:57Z" finished-at="2018-07-20T17:33:57Z">
          <reporter-output>
          </reporter-output>
        </test-method> <!-- cleanup -->
      </class> <!-- com.ProjectName.suite.message.Gen2_RegMsg_643 -->
    </test> <!-- Default test -->
  </suite> <!-- Default suite -->
</testng-results>
